Determining if the pthread_create exist failed with the following output:
Change Dir: /home/esoc/constant/cudnn-training/build/CMakeFiles/CMakeTmp

Run Build Command(s):/usr/bin/make cmTC_04375/fast 
/usr/bin/make -f CMakeFiles/cmTC_04375.dir/build.make CMakeFiles/cmTC_04375.dir/build
make[1]: Entering directory '/home/esoc/constant/cudnn-training/build/CMakeFiles/CMakeTmp'
Building C object CMakeFiles/cmTC_04375.dir/CheckSymbolExists.c.o
/usr/bin/cc   -fPIC    -o CMakeFiles/cmTC_04375.dir/CheckSymbolExists.c.o   -c /home/esoc/constant/cudnn-training/build/CMakeFiles/CMakeTmp/CheckSymbolExists.c
Linking C executable cmTC_04375
/usr/local/bin/cmake -E cmake_link_script CMakeFiles/cmTC_04375.dir/link.txt --verbose=1
/usr/bin/cc -fPIC     -rdynamic CMakeFiles/cmTC_04375.dir/CheckSymbolExists.c.o  -o cmTC_04375 
CMakeFiles/cmTC_04375.dir/CheckSymbolExists.c.o: In function `main':
CheckSymbolExists.c:(.text+0x1b): undefined reference to `pthread_create'
collect2: error: ld returned 1 exit status
CMakeFiles/cmTC_04375.dir/build.make:86: recipe for target 'cmTC_04375' failed
make[1]: *** [cmTC_04375] Error 1
make[1]: Leaving directory '/home/esoc/constant/cudnn-training/build/CMakeFiles/CMakeTmp'
Makefile:121: recipe for target 'cmTC_04375/fast' failed
make: *** [cmTC_04375/fast] Error 2

File /home/esoc/constant/cudnn-training/build/CMakeFiles/CMakeTmp/CheckSymbolExists.c:
/* */
#include <pthread.h>

int main(int argc, char** argv)
{
  (void)argv;
#ifndef pthread_create
  return ((int*)(&pthread_create))[argc];
#else
  (void)argc;
  return 0;
#endif
}

Determining if the function pthread_create exists in the pthreads failed with the following output:
Change Dir: /home/esoc/constant/cudnn-training/build/CMakeFiles/CMakeTmp

Run Build Command(s):/usr/bin/make cmTC_0f0a9/fast 
/usr/bin/make -f CMakeFiles/cmTC_0f0a9.dir/build.make CMakeFiles/cmTC_0f0a9.dir/build
make[1]: Entering directory '/home/esoc/constant/cudnn-training/build/CMakeFiles/CMakeTmp'
Building C object CMakeFiles/cmTC_0f0a9.dir/CheckFunctionExists.c.o
/usr/bin/cc   -fPIC -DCHECK_FUNCTION_EXISTS=pthread_create   -o CMakeFiles/cmTC_0f0a9.dir/CheckFunctionExists.c.o   -c /usr/local/share/cmake-3.14/Modules/CheckFunctionExists.c
Linking C executable cmTC_0f0a9
/usr/local/bin/cmake -E cmake_link_script CMakeFiles/cmTC_0f0a9.dir/link.txt --verbose=1
/usr/bin/cc -fPIC -DCHECK_FUNCTION_EXISTS=pthread_create    -rdynamic CMakeFiles/cmTC_0f0a9.dir/CheckFunctionExists.c.o  -o cmTC_0f0a9 -lpthreads 
/usr/bin/ld: cannot find -lpthreads
collect2: error: ld returned 1 exit status
CMakeFiles/cmTC_0f0a9.dir/build.make:86: recipe for target 'cmTC_0f0a9' failed
make[1]: *** [cmTC_0f0a9] Error 1
make[1]: Leaving directory '/home/esoc/constant/cudnn-training/build/CMakeFiles/CMakeTmp'
Makefile:121: recipe for target 'cmTC_0f0a9/fast' failed
make: *** [cmTC_0f0a9/fast] Error 2


